 _________________________________ 
|                                 |
| ....... 'mamba' LANGUAGE ........ |
|     __    __    __    __        |
|    /  \  /  \  /  \  /  \       |
| __/  __\/  __\/  __\/  __\__    |
| _/  /__/  /__/  /__/  /_____|   |
|  \_/ \   / \   / \   / \  \___  |
|       \_/   \_/   \_/   \___o_> |
|                                 |
| .. ALGONQUIN COLLEGE - 2022F .. |
|_________________________________|

[Option 'R': Starting READER .....]

Reading file INPUT0_Empty.mamba ....Please wait

Printing buffer parameters:

The capacity of the buffer is:  250
The current size of the buffer is:  0
The operational mode of the buffer is: f
The increment factor of the buffer is:  10
The first symbol in the buffer is:   
The value of the flags field is: FE
Number of different chars read: 6

Printing buffer contents:

Empty buffer
