 _________________________________ 
|                                 |
| ....... 'mamba' LANGUAGE ........ |
|     __    __    __    __        |
|    /  \  /  \  /  \  /  \       |
| __/  __\/  __\/  __\/  __\__    |
| _/  /__/  /__/  /__/  /_____|   |
|  \_/ \   / \   / \   / \  \___  |
|       \_/   \_/   \_/   \___o_> |
|                                 |
| .. ALGONQUIN COLLEGE - 2022F .. |
|_________________________________|

[Option 'R': Starting READER .....]

Reading file INPUT6_Big.mamba ....Please wait
The input file INPUT6_Big.mamba has not been completely loaded.
Current size of buffer: 250.
Last character read from the input file is: l 108
Input file size: 32531

Printing buffer parameters:

The capacity of the buffer is:  250
The current size of the buffer is:  250
The operational mode of the buffer is: f
The increment factor of the buffer is:  10
The first symbol in the buffer is:  #
The value of the flags field is: 02
Number of different chars read: 6

Printing buffer contents:

# BOA Example
  The program is "lexically" correct
  and should not generate any error #
main& {
	data {
	}
	code {
		print&('
Lorem ipsum dolor sit amet, consectetur adipiscing elit. Aliquam non lacus erat. Fusce venenatis mattis enim, et pretium ve